{"numFailedTestSuites":3,"numFailedTests":5,"numPassedTestSuites":1,"numPassedTests":4,"numPendingTestSuites":0,"numPendingTests":0,"numRuntimeErrorTestSuites":0,"numTotalTestSuites":4,"numTotalTests":9,"openHandles":[],"snapshot":{"added":0,"didUpdate":false,"failure":false,"filesAdded":0,"filesRemoved":0,"filesUnmatched":0,"filesUpdated":0,"matched":0,"total":0,"unchecked":0,"uncheckedKeysByFile":[],"unmatched":0,"updated":0},"startTime":1544461777017,"success":false,"testResults":[{"console":null,"failureMessage":"\u001b[1m\u001b[31m  \u001b[1m● \u001b[1mWizards link should route to Wizard directory\u001b[39m\u001b[22m\n\n    \u001b[2mexpect(\u001b[22m\u001b[31mreceived\u001b[39m\u001b[2m).toEqual(\u001b[22m\u001b[32mexpected\u001b[39m\u001b[2m)\u001b[22m\n\n    Expected value to equal:\n      \u001b[32m\"/directory/wizards\"\u001b[39m\n    Received:\n      \u001b[31mundefined\u001b[39m\n\n    Difference:\n\n      Comparing two different types of values. Expected \u001b[32mstring\u001b[39m but received \u001b[31mundefined\u001b[39m.\n\u001b[2m\u001b[22m\n\u001b[2m    \u001b[0m \u001b[90m 23 | \u001b[39m    \u001b[90m// TODO: add a smarter validation for other types of html hierarchy..\u001b[39m\u001b[0m\u001b[22m\n\u001b[2m    \u001b[0m \u001b[90m 24 | \u001b[39m    let wizardsLink \u001b[33m=\u001b[39m wrapper\u001b[33m.\u001b[39mfind(\u001b[32m'#wizards'\u001b[39m)\u001b[33m.\u001b[39mfind(\u001b[32m'span'\u001b[39m)\u001b[33m.\u001b[39mclosest(\u001b[32m\"a\"\u001b[39m)\u001b[33m;\u001b[39m\u001b[0m\u001b[22m\n\u001b[2m    \u001b[0m\u001b[31m\u001b[1m>\u001b[2m\u001b[39m\u001b[90m 25 | \u001b[39m    expect(wizardsLink\u001b[33m.\u001b[39mprop(\u001b[32m'href'\u001b[39m))\u001b[33m.\u001b[39mtoEqual(\u001b[32m'/directory/wizards'\u001b[39m)\u001b[33m;\u001b[39m\u001b[0m\u001b[22m\n\u001b[2m    \u001b[0m \u001b[90m    | \u001b[39m                                     \u001b[31m\u001b[1m^\u001b[2m\u001b[39m\u001b[0m\u001b[22m\n\u001b[2m    \u001b[0m \u001b[90m 26 | \u001b[39m})\u001b[33m;\u001b[39m\u001b[0m\u001b[22m\n\u001b[2m    \u001b[0m \u001b[90m 27 | \u001b[39m\u001b[0m\u001b[22m\n\u001b[2m    \u001b[0m \u001b[90m 28 | \u001b[39mit(\u001b[32m'Bestiary link should route to Bestiary directory'\u001b[39m\u001b[33m,\u001b[39m () \u001b[33m=>\u001b[39m {\u001b[0m\u001b[22m\n\u001b[2m\u001b[22m\n\u001b[2m      \u001b[2mat Object.newMatcher [as toEqual] (\u001b[2m\u001b[0m\u001b[36mnode_modules/jest-expect-message/dist/withMessage.js\u001b[39m\u001b[0m\u001b[2m:23:14)\u001b[2m\u001b[22m\n\u001b[2m      \u001b[2mat Object.toEqual (\u001b[2m\u001b[0m\u001b[36m.guides/.test/ex-1.test.js\u001b[39m\u001b[0m\u001b[2m:25:38)\u001b[2m\u001b[22m\n\n\u001b[1m\u001b[31m  \u001b[1m● \u001b[1mBestiary link should route to Bestiary directory\u001b[39m\u001b[22m\n\n    \u001b[2mexpect(\u001b[22m\u001b[31mreceived\u001b[39m\u001b[2m).toEqual(\u001b[22m\u001b[32mexpected\u001b[39m\u001b[2m)\u001b[22m\n\n    Expected value to equal:\n      \u001b[32m\"/directory/bestiary\"\u001b[39m\n    Received:\n      \u001b[31mundefined\u001b[39m\n\n    Difference:\n\n      Comparing two different types of values. Expected \u001b[32mstring\u001b[39m but received \u001b[31mundefined\u001b[39m.\n\u001b[2m\u001b[22m\n\u001b[2m    \u001b[0m \u001b[90m 29 | \u001b[39m    \u001b[36mconst\u001b[39m wrapper \u001b[33m=\u001b[39m render(\u001b[33m<\u001b[39m\u001b[33mMemoryRouter\u001b[39m\u001b[33m>\u001b[39m\u001b[33m<\u001b[39m\u001b[33mHome\u001b[39m \u001b[33m/\u001b[39m\u001b[33m>\u001b[39m\u001b[33m<\u001b[39m\u001b[33m/\u001b[39m\u001b[33mMemoryRouter\u001b[39m\u001b[33m>\u001b[39m)\u001b[33m;\u001b[39m\u001b[0m\u001b[22m\n\u001b[2m    \u001b[0m \u001b[90m 30 | \u001b[39m    let bestiaryLink \u001b[33m=\u001b[39m wrapper\u001b[33m.\u001b[39mfind(\u001b[32m'#bestiary'\u001b[39m)\u001b[33m.\u001b[39mfind(\u001b[32m'span'\u001b[39m)\u001b[33m.\u001b[39mclosest(\u001b[32m\"a\"\u001b[39m)\u001b[33m;\u001b[39m\u001b[0m\u001b[22m\n\u001b[2m    \u001b[0m\u001b[31m\u001b[1m>\u001b[2m\u001b[39m\u001b[90m 31 | \u001b[39m    expect(bestiaryLink\u001b[33m.\u001b[39mprop(\u001b[32m'href'\u001b[39m))\u001b[33m.\u001b[39mtoEqual(\u001b[32m'/directory/bestiary'\u001b[39m)\u001b[33m;\u001b[39m\u001b[0m\u001b[22m\n\u001b[2m    \u001b[0m \u001b[90m    | \u001b[39m                                      \u001b[31m\u001b[1m^\u001b[2m\u001b[39m\u001b[0m\u001b[22m\n\u001b[2m    \u001b[0m \u001b[90m 32 | \u001b[39m})\u001b[33m;\u001b[39m\u001b[0m\u001b[22m\n\u001b[2m    \u001b[0m \u001b[90m 33 | \u001b[39m\u001b[0m\u001b[22m\n\u001b[2m    \u001b[0m \u001b[90m 34 | \u001b[39m\u001b[0m\u001b[22m\n\u001b[2m\u001b[22m\n\u001b[2m      \u001b[2mat Object.newMatcher [as toEqual] (\u001b[2m\u001b[0m\u001b[36mnode_modules/jest-expect-message/dist/withMessage.js\u001b[39m\u001b[0m\u001b[2m:23:14)\u001b[2m\u001b[22m\n\u001b[2m      \u001b[2mat Object.toEqual (\u001b[2m\u001b[0m\u001b[36m.guides/.test/ex-1.test.js\u001b[39m\u001b[0m\u001b[2m:31:39)\u001b[2m\u001b[22m\n","numFailingTests":2,"numPassingTests":1,"numPendingTests":0,"perfStats":{"end":1544461781826,"start":1544461778763},"snapshot":{"added":0,"fileDeleted":false,"matched":0,"unchecked":0,"unmatched":0,"updated":0,"uncheckedKeys":[]},"testFilePath":"/Users/tal/Documents/Projects/fantasy-directory-class/.guides/.test/ex-1.test.js","testResults":[{"ancestorTitles":[],"duration":38,"failureMessages":[],"fullName":"Application should render without crashing","location":null,"numPassingAsserts":0,"status":"passed","title":"Application should render without crashing"},{"ancestorTitles":[],"duration":58,"failureMessages":["Error: \u001b[2mexpect(\u001b[22m\u001b[31mreceived\u001b[39m\u001b[2m).toEqual(\u001b[22m\u001b[32mexpected\u001b[39m\u001b[2m)\u001b[22m\n\nExpected value to equal:\n  \u001b[32m\"/directory/wizards\"\u001b[39m\nReceived:\n  \u001b[31mundefined\u001b[39m\n\nDifference:\n\n  Comparing two different types of values. Expected \u001b[32mstring\u001b[39m but received \u001b[31mundefined\u001b[39m.\n    at Object.newMatcher [as toEqual] (/Users/tal/Documents/Projects/fantasy-directory-class/node_modules/jest-expect-message/dist/withMessage.js:23:14)\n    at Object.toEqual (/Users/tal/Documents/Projects/fantasy-directory-class/.guides/.test/ex-1.test.js:25:38)\n    at Object.asyncJestTest (/Users/tal/Documents/Projects/fantasy-directory-class/node_modules/jest-cli/node_modules/jest-jasmine2/build/jasmine_async.js:108:37)\n    at resolve (/Users/tal/Documents/Projects/fantasy-directory-class/node_modules/jest-cli/node_modules/jest-jasmine2/build/queue_runner.js:56:12)\n    at new Promise (<anonymous>)\n    at mapper (/Users/tal/Documents/Projects/fantasy-directory-class/node_modules/jest-cli/node_modules/jest-jasmine2/build/queue_runner.js:43:19)\n    at promise.then (/Users/tal/Documents/Projects/fantasy-directory-class/node_modules/jest-cli/node_modules/jest-jasmine2/build/queue_runner.js:87:41)\n    at process._tickCallback (internal/process/next_tick.js:68:7)"],"fullName":"Wizards link should route to Wizard directory","location":null,"numPassingAsserts":0,"status":"failed","title":"Wizards link should route to Wizard directory"},{"ancestorTitles":[],"duration":8,"failureMessages":["Error: \u001b[2mexpect(\u001b[22m\u001b[31mreceived\u001b[39m\u001b[2m).toEqual(\u001b[22m\u001b[32mexpected\u001b[39m\u001b[2m)\u001b[22m\n\nExpected value to equal:\n  \u001b[32m\"/directory/bestiary\"\u001b[39m\nReceived:\n  \u001b[31mundefined\u001b[39m\n\nDifference:\n\n  Comparing two different types of values. Expected \u001b[32mstring\u001b[39m but received \u001b[31mundefined\u001b[39m.\n    at Object.newMatcher [as toEqual] (/Users/tal/Documents/Projects/fantasy-directory-class/node_modules/jest-expect-message/dist/withMessage.js:23:14)\n    at Object.toEqual (/Users/tal/Documents/Projects/fantasy-directory-class/.guides/.test/ex-1.test.js:31:39)\n    at Object.asyncJestTest (/Users/tal/Documents/Projects/fantasy-directory-class/node_modules/jest-cli/node_modules/jest-jasmine2/build/jasmine_async.js:108:37)\n    at resolve (/Users/tal/Documents/Projects/fantasy-directory-class/node_modules/jest-cli/node_modules/jest-jasmine2/build/queue_runner.js:56:12)\n    at new Promise (<anonymous>)\n    at mapper (/Users/tal/Documents/Projects/fantasy-directory-class/node_modules/jest-cli/node_modules/jest-jasmine2/build/queue_runner.js:43:19)\n    at promise.then (/Users/tal/Documents/Projects/fantasy-directory-class/node_modules/jest-cli/node_modules/jest-jasmine2/build/queue_runner.js:87:41)\n    at process._tickCallback (internal/process/next_tick.js:68:7)"],"fullName":"Bestiary link should route to Bestiary directory","location":null,"numPassingAsserts":0,"status":"failed","title":"Bestiary link should route to Bestiary directory"}],"sourceMaps":{},"skipped":false,"leaks":false},{"console":null,"failureMessage":"\u001b[1m\u001b[31m  \u001b[1m● \u001b[1mWizards page should have a link to the Fentity route for each Wizard page\u001b[39m\u001b[22m\n\n    TypeError: Cannot read property 'toLowerCase' of undefined\n\u001b[2m\u001b[22m\n\u001b[2m    \u001b[0m \u001b[90m 29 | \u001b[39m    let wizardName \u001b[33m=\u001b[39m miniDiv\u001b[33m.\u001b[39mfind(\u001b[32m'span'\u001b[39m)\u001b[33m.\u001b[39mtext()\u001b[33m;\u001b[39m\u001b[0m\u001b[22m\n\u001b[2m    \u001b[0m \u001b[90m 30 | \u001b[39m    console\u001b[33m.\u001b[39mlog(linkElement\u001b[33m.\u001b[39mprop(\u001b[32m'href'\u001b[39m))\u001b[33m;\u001b[39m \u001b[0m\u001b[22m\n\u001b[2m    \u001b[0m\u001b[31m\u001b[1m>\u001b[2m\u001b[39m\u001b[90m 31 | \u001b[39m    expect(linkElement\u001b[33m.\u001b[39mprop(\u001b[32m'href'\u001b[39m)\u001b[33m.\u001b[39mtoLowerCase())\u001b[33m.\u001b[39mtoEqual(\u001b[32m'/directory/wizards/'\u001b[39m \u001b[33m+\u001b[39m wizardName\u001b[33m.\u001b[39mtoLowerCase())\u001b[33m;\u001b[39m\u001b[0m\u001b[22m\n\u001b[2m    \u001b[0m \u001b[90m    | \u001b[39m           \u001b[31m\u001b[1m^\u001b[2m\u001b[39m\u001b[0m\u001b[22m\n\u001b[2m    \u001b[0m \u001b[90m 32 | \u001b[39m    \u001b[0m\u001b[22m\n\u001b[2m    \u001b[0m \u001b[90m 33 | \u001b[39m})\u001b[33m;\u001b[39m\u001b[0m\u001b[22m\n\u001b[2m    \u001b[0m \u001b[90m 34 | \u001b[39m\u001b[0m\u001b[22m\n\u001b[2m\u001b[22m\n\u001b[2m      \u001b[2mat Object.<anonymous> (\u001b[2m\u001b[0m\u001b[36m.guides/.test/ex-2.test.js\u001b[39m\u001b[0m\u001b[2m:31:12)\u001b[2m\u001b[22m\n\n\u001b[1m\u001b[31m  \u001b[1m● \u001b[1m/directory/:fentities/:name route should exist and display the Fentity component\u001b[39m\u001b[22m\n\n    \u001b[2mexpect(\u001b[22m\u001b[31mreceived\u001b[39m\u001b[2m).toBe(\u001b[22m\u001b[32mexpected\u001b[39m\u001b[2m) // Object.is equality\u001b[22m\n\n    Expected: \u001b[32m1\u001b[39m\n    Received: \u001b[31m0\u001b[39m\n\u001b[2m\u001b[22m\n\u001b[2m    \u001b[0m \u001b[90m 38 | \u001b[39m            \u001b[33m<\u001b[39m\u001b[33mApp\u001b[39m \u001b[33m/\u001b[39m\u001b[33m>\u001b[39m\u001b[0m\u001b[22m\n\u001b[2m    \u001b[0m \u001b[90m 39 | \u001b[39m        \u001b[33m<\u001b[39m\u001b[33m/\u001b[39m\u001b[33mMemoryRouter\u001b[39m\u001b[33m>\u001b[39m)\u001b[33m;\u001b[39m\u001b[0m\u001b[22m\n\u001b[2m    \u001b[0m\u001b[31m\u001b[1m>\u001b[2m\u001b[39m\u001b[90m 40 | \u001b[39m    expect(wrapper\u001b[33m.\u001b[39mfind(\u001b[32m'#creature-container'\u001b[39m)\u001b[33m.\u001b[39mlength)\u001b[33m.\u001b[39mtoBe(\u001b[35m1\u001b[39m)\u001b[33m;\u001b[39m    \u001b[0m\u001b[22m\n\u001b[2m    \u001b[0m \u001b[90m    | \u001b[39m                                                       \u001b[31m\u001b[1m^\u001b[2m\u001b[39m\u001b[0m\u001b[22m\n\u001b[2m    \u001b[0m \u001b[90m 41 | \u001b[39m})\u001b[33m;\u001b[39m\u001b[0m\u001b[22m\n\u001b[2m    \u001b[0m \u001b[90m 42 | \u001b[39m\u001b[0m\u001b[22m\n\u001b[2m    \u001b[0m \u001b[90m 43 | \u001b[39m\u001b[0m\u001b[22m\n\u001b[2m\u001b[22m\n\u001b[2m      \u001b[2mat Object.newMatcher [as toBe] (\u001b[2m\u001b[0m\u001b[36mnode_modules/jest-expect-message/dist/withMessage.js\u001b[39m\u001b[0m\u001b[2m:23:14)\u001b[2m\u001b[22m\n\u001b[2m      \u001b[2mat Object.toBe (\u001b[2m\u001b[0m\u001b[36m.guides/.test/ex-2.test.js\u001b[39m\u001b[0m\u001b[2m:40:56)\u001b[2m\u001b[22m\n","numFailingTests":2,"numPassingTests":1,"numPendingTests":0,"perfStats":{"end":1544461781954,"start":1544461778773},"snapshot":{"added":0,"fileDeleted":false,"matched":0,"unchecked":0,"unmatched":0,"updated":0,"uncheckedKeys":[]},"testFilePath":"/Users/tal/Documents/Projects/fantasy-directory-class/.guides/.test/ex-2.test.js","testResults":[{"ancestorTitles":[],"duration":29,"failureMessages":[],"fullName":"Application should render without crashing","location":null,"numPassingAsserts":0,"status":"passed","title":"Application should render without crashing"},{"ancestorTitles":[],"duration":54,"failureMessages":["TypeError: Cannot read property 'toLowerCase' of undefined\n    at Object.<anonymous> (/Users/tal/Documents/Projects/fantasy-directory-class/.guides/.test/ex-2.test.js:31:12)\n    at Object.asyncJestTest (/Users/tal/Documents/Projects/fantasy-directory-class/node_modules/jest-cli/node_modules/jest-jasmine2/build/jasmine_async.js:108:37)\n    at resolve (/Users/tal/Documents/Projects/fantasy-directory-class/node_modules/jest-cli/node_modules/jest-jasmine2/build/queue_runner.js:56:12)\n    at new Promise (<anonymous>)\n    at mapper (/Users/tal/Documents/Projects/fantasy-directory-class/node_modules/jest-cli/node_modules/jest-jasmine2/build/queue_runner.js:43:19)\n    at promise.then (/Users/tal/Documents/Projects/fantasy-directory-class/node_modules/jest-cli/node_modules/jest-jasmine2/build/queue_runner.js:87:41)\n    at process._tickCallback (internal/process/next_tick.js:68:7)"],"fullName":"Wizards page should have a link to the Fentity route for each Wizard page","location":null,"numPassingAsserts":0,"status":"failed","title":"Wizards page should have a link to the Fentity route for each Wizard page"},{"ancestorTitles":[],"duration":54,"failureMessages":["Error: \u001b[2mexpect(\u001b[22m\u001b[31mreceived\u001b[39m\u001b[2m).toBe(\u001b[22m\u001b[32mexpected\u001b[39m\u001b[2m) // Object.is equality\u001b[22m\n\nExpected: \u001b[32m1\u001b[39m\nReceived: \u001b[31m0\u001b[39m\n    at Object.newMatcher [as toBe] (/Users/tal/Documents/Projects/fantasy-directory-class/node_modules/jest-expect-message/dist/withMessage.js:23:14)\n    at Object.toBe (/Users/tal/Documents/Projects/fantasy-directory-class/.guides/.test/ex-2.test.js:40:56)\n    at Object.asyncJestTest (/Users/tal/Documents/Projects/fantasy-directory-class/node_modules/jest-cli/node_modules/jest-jasmine2/build/jasmine_async.js:108:37)\n    at resolve (/Users/tal/Documents/Projects/fantasy-directory-class/node_modules/jest-cli/node_modules/jest-jasmine2/build/queue_runner.js:56:12)\n    at new Promise (<anonymous>)\n    at mapper (/Users/tal/Documents/Projects/fantasy-directory-class/node_modules/jest-cli/node_modules/jest-jasmine2/build/queue_runner.js:43:19)\n    at promise.then (/Users/tal/Documents/Projects/fantasy-directory-class/node_modules/jest-cli/node_modules/jest-jasmine2/build/queue_runner.js:87:41)\n    at process._tickCallback (internal/process/next_tick.js:68:7)"],"fullName":"/directory/:fentities/:name route should exist and display the Fentity component","location":null,"numPassingAsserts":0,"status":"failed","title":"/directory/:fentities/:name route should exist and display the Fentity component"}],"sourceMaps":{},"skipped":false,"leaks":false},{"console":null,"failureMessage":"\u001b[1m\u001b[31m  \u001b[1m● \u001b[1mMorgana page should have a link to Merlin page\u001b[39m\u001b[22m\n\n    TypeError: Cannot read property 'toLowerCase' of undefined\n\u001b[2m\u001b[22m\n\u001b[2m    \u001b[0m \u001b[90m 27 | \u001b[39m    let miniDiv \u001b[33m=\u001b[39m wrapper\u001b[33m.\u001b[39mfind(\u001b[32m'.other'\u001b[39m)\u001b[33m.\u001b[39mfirst()\u001b[33m;\u001b[39m\u001b[0m\u001b[22m\n\u001b[2m    \u001b[0m \u001b[90m 28 | \u001b[39m    let linkElement \u001b[33m=\u001b[39m miniDiv\u001b[33m.\u001b[39mfind(\u001b[32m'a'\u001b[39m)\u001b[33m.\u001b[39mfirst()\u001b[33m;\u001b[39m\u001b[0m\u001b[22m\n\u001b[2m    \u001b[0m\u001b[31m\u001b[1m>\u001b[2m\u001b[39m\u001b[90m 29 | \u001b[39m    expect(linkElement\u001b[33m.\u001b[39mprop(\u001b[32m'href'\u001b[39m)\u001b[33m.\u001b[39mtoLowerCase())\u001b[33m.\u001b[39mtoEqual(\u001b[32m'/directory/wizards/merlin'\u001b[39m)\u001b[33m;\u001b[39m\u001b[0m\u001b[22m\n\u001b[2m    \u001b[0m \u001b[90m    | \u001b[39m           \u001b[31m\u001b[1m^\u001b[2m\u001b[39m\u001b[0m\u001b[22m\n\u001b[2m    \u001b[0m \u001b[90m 30 | \u001b[39m    \u001b[0m\u001b[22m\n\u001b[2m    \u001b[0m \u001b[90m 31 | \u001b[39m})\u001b[33m;\u001b[39m\u001b[0m\u001b[22m\n\u001b[2m    \u001b[0m \u001b[90m 32 | \u001b[39m\u001b[0m\u001b[22m\n\u001b[2m\u001b[22m\n\u001b[2m      \u001b[2mat Object.<anonymous> (\u001b[2m\u001b[0m\u001b[36m.guides/.test/ex-3.test.js\u001b[39m\u001b[0m\u001b[2m:29:12)\u001b[2m\u001b[22m\n","numFailingTests":1,"numPassingTests":1,"numPendingTests":0,"perfStats":{"end":1544461782041,"start":1544461778758},"snapshot":{"added":0,"fileDeleted":false,"matched":0,"unchecked":0,"unmatched":0,"updated":0,"uncheckedKeys":[]},"testFilePath":"/Users/tal/Documents/Projects/fantasy-directory-class/.guides/.test/ex-3.test.js","testResults":[{"ancestorTitles":[],"duration":35,"failureMessages":[],"fullName":"Application should render without crashing","location":null,"numPassingAsserts":0,"status":"passed","title":"Application should render without crashing"},{"ancestorTitles":[],"duration":94,"failureMessages":["TypeError: Cannot read property 'toLowerCase' of undefined\n    at Object.<anonymous> (/Users/tal/Documents/Projects/fantasy-directory-class/.guides/.test/ex-3.test.js:29:12)\n    at Object.asyncJestTest (/Users/tal/Documents/Projects/fantasy-directory-class/node_modules/jest-cli/node_modules/jest-jasmine2/build/jasmine_async.js:108:37)\n    at resolve (/Users/tal/Documents/Projects/fantasy-directory-class/node_modules/jest-cli/node_modules/jest-jasmine2/build/queue_runner.js:56:12)\n    at new Promise (<anonymous>)\n    at mapper (/Users/tal/Documents/Projects/fantasy-directory-class/node_modules/jest-cli/node_modules/jest-jasmine2/build/queue_runner.js:43:19)\n    at promise.then (/Users/tal/Documents/Projects/fantasy-directory-class/node_modules/jest-cli/node_modules/jest-jasmine2/build/queue_runner.js:87:41)\n    at process._tickCallback (internal/process/next_tick.js:68:7)"],"fullName":"Morgana page should have a link to Merlin page","location":null,"numPassingAsserts":0,"status":"failed","title":"Morgana page should have a link to Merlin page"}],"sourceMaps":{},"skipped":false,"leaks":false},{"console":null,"failureMessage":null,"numFailingTests":0,"numPassingTests":1,"numPendingTests":0,"perfStats":{"end":1544461782210,"start":1544461781927},"snapshot":{"added":0,"fileDeleted":false,"matched":0,"unchecked":0,"unmatched":0,"updated":0,"uncheckedKeys":[]},"testFilePath":"/Users/tal/Documents/Projects/fantasy-directory-class/src/App.test.js","testResults":[{"ancestorTitles":[],"duration":3,"failureMessages":[],"fullName":"renders without crashing","location":null,"numPassingAsserts":0,"status":"passed","title":"renders without crashing"}],"sourceMaps":{},"skipped":false,"leaks":false}],"wasInterrupted":false}